c:\users\fuck micro$hit\source\repos\citybuilder\intermediate\win32debug\vc142.pdb
c:\users\fuck micro$hit\source\repos\citybuilder\intermediate\win32debug\vc142.idb
c:\users\fuck micro$hit\source\repos\citybuilder\intermediate\win32debug\tile.obj
c:\users\fuck micro$hit\source\repos\citybuilder\intermediate\win32debug\gamestatestart.obj
c:\users\fuck micro$hit\source\repos\citybuilder\intermediate\win32debug\gamestateeditor.obj
c:\users\fuck micro$hit\source\repos\citybuilder\intermediate\win32debug\map.obj
c:\users\fuck micro$hit\source\repos\citybuilder\intermediate\win32debug\texturemanager.obj
c:\users\fuck micro$hit\source\repos\citybuilder\intermediate\win32debug\main.obj
c:\users\fuck micro$hit\source\repos\citybuilder\intermediate\win32debug\gamestate.obj
c:\users\fuck micro$hit\source\repos\citybuilder\intermediate\win32debug\game.obj
c:\users\fuck micro$hit\source\repos\citybuilder\intermediate\win32debug\animationhandler.obj
c:\users\fuck micro$hit\source\repos\citybuilder\bin\win32debug\citybuilder.exe
c:\users\fuck micro$hit\source\repos\citybuilder\bin\win32debug\citybuilder.ilk
c:\users\fuck micro$hit\source\repos\citybuilder\bin\win32debug\citybuilder.pdb
c:\users\fuck micro$hit\source\repos\citybuilder\\bin\win32debug\citybuilder.pdb
c:\users\fuck micro$hit\source\repos\citybuilder\\bin\win32debug\citybuilder.exe
c:\users\fuck micro$hit\source\repos\citybuilder\\bin\win32debug\citybuilder.ilk
c:\users\fuck micro$hit\source\repos\citybuilder\intermediate\win32debug\citybuilder.tlog\cl.command.1.tlog
c:\users\fuck micro$hit\source\repos\citybuilder\intermediate\win32debug\citybuilder.tlog\cl.read.1.tlog
c:\users\fuck micro$hit\source\repos\citybuilder\intermediate\win32debug\citybuilder.tlog\cl.write.1.tlog
c:\users\fuck micro$hit\source\repos\citybuilder\intermediate\win32debug\citybuilder.tlog\link.command.1.tlog
c:\users\fuck micro$hit\source\repos\citybuilder\intermediate\win32debug\citybuilder.tlog\link.read.1.tlog
c:\users\fuck micro$hit\source\repos\citybuilder\intermediate\win32debug\citybuilder.tlog\link.write.1.tlog
